Build 2.0.1.63861 compiled at 04/05/2006 17:44:22.86 by TVA\jrcarrol from CNF5440SV0 
Build 2.0.2.35727 compiled at 04/06/2006  9:55:28.32 by TVA\pcpatel from 3766951Z 
Build 2.0.3.37080 compiled at 04/06/2006 10:18:03.49 by TVA\jrcarrol from CNF5440SV0 
Build 2.0.4.37917 compiled at 04/06/2006 10:31:58.46 by TVA\pcpatel from 3766951Z 
Build 2.0.5.38054 compiled at 04/06/2006 10:34:15.57 by TVA\pcpatel from 3766951Z 
Build 2.0.6.39777 compiled at 04/06/2006 11:02:58.57 by TVA\jrcarrol from CNF5440SV0 
Build 2.0.7.65323 compiled at 04/06/2006 18:08:45.96 by TVA\jrcarrol from CNF5440SV0 
Build 2.0.8.65404 compiled at 04/06/2006 18:10:06.14 by TVA\jrcarrol from CNF5440SV0 
Build 2.0.9.65669 compiled at 04/06/2006 18:14:31.47 by TVA\jrcarrol from CNF5440SV0 
Build 2.0.10.1142 compiled at 04/06/2006 18:31:19.52 by TVA\jrcarrol from CNF5440SV0 
Build 2.0.11.29414 compiled at 04/07/2006  8:10:16.81 by TVA\pcpatel from 3766951Z 
Build 2.0.12.31450 compiled at 04/07/2006  8:44:11.55 by TVA\pcpatel from 3766951Z 
Build 2.0.13.57985 compiled at 04/07/2006 16:06:26.24 by TVA\pcpatel from 3766951Z 
Build 2.0.14.59799 compiled at 04/07/2006 16:36:42.02 by TVA\jrcarrol from CNF5440SV0 
Build 2.0.15.61099 compiled at 04/11/2006 16:58:22.24 by TVA\jrcarrol from CNF5440SV0
Build 2.0.16.40074 compiled at 05/03/2006 11:07:56.69 by TVA\jrcarrol from CNF5440SV0 
Build 2.0.17.51052 compiled at 05/03/2006 14:10:57.13 by TVA\bbfox from 2K6N491 
Build 2.0.18.8901 compiled at 05/03/2006 20:40:39.66 by TVA\jrcarrol from CNF5440SV0 
Build 2.0.19.10259 compiled at 05/03/2006 21:03:17.63 by TVA\jrcarrol from CNF5440SV0 
Build 2.0.20.47627 compiled at 05/05/2006 13:13:49.42 by TVA\pcpatel from 3766951Z 
Build 2.0.21.48703 compiled at 05/05/2006 13:31:44.13 by TVA\pcpatel from 3766951Z 
Build 2.0.22.48966 compiled at 05/05/2006 13:36:07.03 by TVA\pcpatel from 3766951Z 
Build 2.0.23.36537 compiled at 05/08/2006 10:08:59.61 by TVA\pcpatel from 3766951Z 
Build 2.0.24.56074 compiled at 05/25/2006 15:34:37.52 by TVA\jrcarrol from CNF5440SV0 
Build 2.0.25.61480 compiled at 05/25/2006 17:04:41.65 by TVA\jrcarrol from CNF5440SV0 
Build 2.0.26.48887 compiled at 05/30/2006 13:34:49.14 by TVA\pcpatel from 3766951Z 
Build 2.0.27.50998 compiled at 05/30/2006 14:09:59.78 by TVA\pcpatel from 3766951Z 
Build 2.1.1.27981 compiled at 07/05/2006  7:46:23.83 by TVA\pcpatel from 3766951Z 
Build 2.1.2.28156 compiled at 07/05/2006  7:49:16.56 by TVA\pcpatel from 3766951Z 
Build 2.1.3.28309 compiled at 07/05/2006  7:51:50.33 by TVA\pcpatel from 3766951Z 
Build 2.1.4.28521 compiled at 07/05/2006  7:55:22.23 by TVA\pcpatel from 3766951Z 
Build 2.1.5.29489 compiled at 07/05/2006  8:11:31.31 by TVA\pcpatel from 3766951Z 
Build 2.1.6.41492 compiled at 07/06/2006 11:31:34.15 by TVA\pcpatel from 3766951Z 
Build 2.1.7.28594 compiled at 07/27/2006  7:56:37.97 by TVA\pcpatel from 3766951Z 
Build 2.1.8.33369 compiled at 07/27/2006  9:16:10.88 by TVA\pcpatel from 3766951Z 
Build 2.1.9.57275 compiled at 07/27/2006 15:54:37.02 by TVA\pcpatel from 3766951Z 
Build 2.1.10.31737 compiled at 07/31/2006  8:49:02.97 by TVA\pcpatel from 3766951Z 
Build 2.1.11.54102 compiled at 08/21/2006 15:01:49.96 by TVA\pcpatel from 3766951Z 
Build 2.1.12.56361 compiled at 08/21/2006 15:39:22.83 by TVA\pcpatel from 3766951Z 
Build 2.1.13.57814 compiled at 08/21/2006 16:03:37.02 by TVA\jrcarrol from CNF5440SV0 
Build 2.1.14.59123 compiled at 08/21/2006 16:25:36.37 by TVA\jrcarrol from CNF5440SV0 
Build 2.1.15.33113 compiled at 08/23/2006  9:11:55.37 by TVA\pcpatel from 3766951Z 
Build 2.1.16.51155 compiled at 08/25/2006 14:12:37.41 by TVA\pcpatel from 3766951Z 
Build 2.1.17.52728 compiled at 08/25/2006 14:38:50.26 by TVA\pcpatel from 3766951Z 
Build 2.1.18.53386 compiled at 08/25/2006 14:49:48.19 by TVA\pcpatel from 3766951Z 
Build 2.1.19.53413 compiled at 08/25/2006 14:50:15.47 by TVA\pcpatel from 3766951Z 
Build 2.1.20.31610 compiled at 09/28/2006  8:46:53.55 by TVA\pcpatel from 3766951Z 
Build 2.1.21.39906 compiled at 10/02/2006 11:05:08.57 by TVA\pcpatel from 3766951Z 
Build 2.1.22.31278 compiled at 10/05/2006  8:41:21.15 by TVA\pcpatel from 3766951Z 
Build 2.1.23.32029 compiled at 10/05/2006  8:53:51.42 by TVA\pcpatel from 3766951Z 
Build 2.1.24.47772 compiled at 10/05/2006 13:16:14.44 by TVA\pcpatel from 3766951Z 
Build 2.1.25.40244 compiled at 10/06/2006 11:10:47.55 by TVA\pcpatel from 3766951Z 
Build 2.1.26.34673 compiled at 10/11/2006  9:37:56.35 by TVA\pcpatel from 3766951Z 
Build 2.1.27.47034 compiled at 10/11/2006 13:03:56.84 by TVA\pcpatel from 3766951Z 
Build 2.1.28.47205 compiled at 10/11/2006 13:06:46.95 by TVA\pcpatel from 3766951Z 
Build 2.1.29.27899 compiled at 10/12/2006  7:45:02.78 by TVA\pcpatel from 3766951Z 
Build 2.1.30.57123 compiled at 11/02/2006 15:52:06.99 by TVA\jrcarrol from CNF5440SV0 
Build 2.1.31.53170 compiled at 11/08/2006 14:46:12.33 by TVA\pcpatel from 3766951Z 
Build 2.1.32.57333 compiled at 11/14/2006 15:55:35.84 by TVA\pcpatel from 3766951Z 
Build 2.1.33.40811 compiled at 11/23/2006 11:20:13.63 by TVA\pcpatel from 3766951Z 
Build 2.1.34.61038 compiled at 12/08/2006 16:57:20.57 by TVA\pcpatel from 3766951Z 
Build 2.1.35.28081 compiled at 12/11/2006  7:48:02.86 by TVA\pcpatel from 3766951Z 
Build 2.1.36.40829 compiled at 12/11/2006 11:20:33.83 by TVA\jrcarrol from CNF5440SV0 
Build 2.1.37.41564 compiled at 12/11/2006 11:32:46.26 by TVA\jrcarrol from CNF5440SV0 
Build 2.1.38.41791 compiled at 12/11/2006 11:36:32.89 by TVA\pcpatel from 3766951Z 
Build 2.1.39.46798 compiled at 12/11/2006 13:00:00.61 by TVA\pcpatel from 3766951Z 
Build 2.1.40.46888 compiled at 12/11/2006 13:01:29.83 by TVA\pcpatel from 3766951Z 
Build 2.1.41.34098 compiled at 12/12/2006  9:28:20.53 by TVA\pcpatel from 3766951Z 
Build 2.1.42.34430 compiled at 12/12/2006  9:33:52.42 by TVA\pcpatel from 3766951Z 
Build 2.1.43.37917 compiled at 12/12/2006 10:31:59.04 by TVA\pcpatel from 3766951Z 
Build 2.1.44.42463 compiled at 12/12/2006 11:47:45.36 by TVA\pcpatel from 3766951Z 
Build 2.1.45.47171 compiled at 12/12/2006 13:06:14.34 by TVA\pcpatel from 3766951Z 
Build 2.1.46.28107 compiled at 12/13/2006  7:48:29.74 by TVA\pcpatel from 3766951Z 
Build 2.1.47.31753 compiled at 12/13/2006  8:49:14.55 by TVA\pcpatel from 3766951Z 
Build 2.1.47.31753 compiled at 12/22/2006  8:00:36.36 by TVA\pcpatel from 3766951Z 
Build 2.1.47.31753 compiled at 12/22/2006  8:02:31.55 by TVA\pcpatel from 3766951Z 
Build 2.1.48.31753 compiled at 12/22/2006  8:06:53.22 by TVA\pcpatel from 3766951Z 
Build 2.1.47.31753 compiled at 12/22/2006  8:08:57.21 by TVA\pcpatel from 3766951Z 
Build 2.1.45.31753 compiled at 12/22/2006  8:10:39.73 by TVA\pcpatel from 3766951Z 
Build 2.1.45.31753 compiled at 12/22/2006  8:24:43.10 by TVA\pcpatel from 3766951Z 
Build 2.1.45.31753 compiled at 12/22/2006  8:42:08.73 by TVA\pcpatel from 3766951Z 
Build 2.1.45.31753 compiled at 12/22/2006  8:53:22.98 by TVA\pcpatel from 3766951Z 
Build 2.1.45.31753 compiled at 12/22/2006  8:56:02.45 by TVA\pcpatel from 3766951Z 
Build 2.1.45.31753 compiled at 12/22/2006  9:48:43.15 by TVA\pcpatel from 3766951Z 
Build 2.1.45.31753 compiled at 12/22/2006  9:55:54.39 by TVA\pcpatel from 3766951Z 
Build 2.1.45.31753 compiled at 12/22/2006 10:00:33.41 by TVA\pcpatel from 3766951Z 
Build 2.1.45.31753 compiled at 12/22/2006 10:04:17.92 by TVA\pcpatel from 3766951Z 
Build 2.1.48.37453 compiled at 12/22/2006 10:24:16.92 by TVA\pcpatel from 3766951Z 
Build 2.1.49.37807 compiled at 12/22/2006 10:30:09.52 by TVA\pcpatel from 3766951Z 
Build 2.1.50.38226 compiled at 12/22/2006 10:37:08.04 by TVA\pcpatel from 3766951Z 
Build 2.1.51.38427 compiled at 12/22/2006 10:40:31.63 by TVA\pcpatel from 3766951Z 
Build 2.1.52.38639 compiled at 12/22/2006 10:44:03.06 by TVA\pcpatel from 3766951Z 
Build 2.1.53.39251 compiled at 12/22/2006 10:54:15.46 by TVA\pcpatel from 3766951Z 
Build 2.1.54.39529 compiled at 12/22/2006 10:58:53.13 by TVA\pcpatel from 3766951Z 
Build 2.1.55.40019 compiled at 12/22/2006 11:07:03.50 by TVA\pcpatel from 3766951Z 
Build 2.1.56.44891 compiled at 12/22/2006 12:28:15.10 by TVA\pcpatel from 3766951Z 
Build 2.1.57.45779 compiled at 12/22/2006 12:43:02.81 by TVA\pcpatel from 3766951Z 
Build 2.1.58.45508 compiled at 12/26/2006 12:38:32.86 by TVA\pcpatel from 3766951Z 
Build 2.1.59.46849 compiled at 12/26/2006 13:00:53.05 by TVA\pcpatel from 3766951Z 
Build 2.1.60.46969 compiled at 12/26/2006 13:02:53.51 by TVA\pcpatel from 3766951Z 
Build 2.1.61.51398 compiled at 01/05/2007 14:16:41.59 by TVA\jrcarrol from CNF5440SV0 
Build 2.1.62.51912 compiled at 01/05/2007 14:25:13.32 by TVA\jrcarrol from CNF5440SV0 
Build 2.1.63.53023 compiled at 01/05/2007 14:43:45.91 by TVA\jrcarrol from CNF5440SV0 
Build 2.1.64.39672 compiled at 01/19/2007 11:01:15.48 by TVA\jrcarrol from CNF5440SV0 
Build 2.1.65.54091 compiled at 01/24/2007 15:01:34.72 by TVA\jrcarrol from CNF5440SV0 
Build 2.1.66.51091 compiled at 01/25/2007 14:11:36.40 by TVA\jrcarrol from CNF5440SV0 
Build 2.1.67.57334 compiled at 01/25/2007 15:55:36.79 by TVA\jrzuo from 2UA6450TWK 
Build 2.1.68.47427 compiled at 01/30/2007 13:10:29.97 by TVA\jrcarrol from CNF5440SV0 
Build 2.1.69.42270 compiled at 01/31/2007 11:44:32.94 by TVA\jrcarrol from CNF5440SV0 
Build 2.1.70.54758 compiled at 02/07/2007 15:12:40.71 by TVA\jrcarrol from CNF5440SV0 
Build 2.1.71.56657 compiled at 02/09/2007 15:44:19.40 by TVA\jrcarrol from CNF5440SV0 
Build 2.1.72.39807 compiled at 02/12/2007 11:03:31.77 by TVA\pcpatel from 3766951Z 
Build 2.1.73.39959 compiled at 02/12/2007 11:06:03.18 by TVA\pcpatel from 3766951Z 
Build 2.1.74.39733 compiled at 02/14/2007 11:02:17.94 by TVA\pcpatel from 3766951Z 
Build 2.1.75.50752 compiled at 02/14/2007 14:05:56.21 by TVA\pcpatel from 3766951Z 
Build 2.1.76.48042 compiled at 02/15/2007 13:20:46.77 by TVA\pcpatel from 3766951Z 
Build 2.1.77.47391 compiled at 02/27/2007 13:09:55.00 by TVA\pcpatel from 3766951Z 
Build 2.1.78.57532 compiled at 02/28/2007 15:58:55.16 by TVA\jrcarrol from CNF5440SV0 
Build 2.1.79.58107 compiled at 02/28/2007 16:08:30.11 by TVA\jrcarrol from CNF5440SV0 
Build 2.1.80.58164 compiled at 02/28/2007 16:09:26.28 by TVA\jrcarrol from CNF5440SV0 
Build 2.1.81.46433 compiled at 03/01/2007 12:53:55.97 by TVA\jrcarrol from CNF5440SV0 
Build 2.1.82.55609 compiled at 03/01/2007 15:26:51.08 by TVA\jrcarrol from CNF5440SV0 
Build 2.1.83.56178 compiled at 03/01/2007 15:36:20.55 by TVA\jrcarrol from CNF5440SV0 
Build 2.1.84.56264 compiled at 03/01/2007 15:37:49.03 by TVA\pcpatel from 3766951Z 
Build 2.1.85.56541 compiled at 03/01/2007 15:42:25.41 by TVA\pcpatel from 3766951Z 
Build 2.1.86.57034 compiled at 03/01/2007 15:50:36.11 by TVA\jrcarrol from CNF5440SV0 
Build 2.1.87.61472 compiled at 03/05/2007 17:04:36.57 by TVA\pcpatel from 3766951Z 
Build 2.1.88.26577 compiled at 03/06/2007  7:23:01.26 by TVA\pcpatel from 3766951Z 
Build 2.1.89.30755 compiled at 03/06/2007  8:32:39.38 by TVA\pcpatel from 3766951Z 
Build 2.1.90.32525 compiled at 03/06/2007  9:02:08.64 by TVA\pcpatel from 3766951Z 
Build 2.1.91.55141 compiled at 03/09/2007 15:19:05.77 by TVA\pcpatel from 3766951Z 
Build 2.1.92.45829 compiled at 03/15/2007 12:43:53.44 by TVA\pcpatel from 3766951Z 
Build 2.1.93.56452 compiled at 03/16/2007 15:40:54.07 by TVA\jrcarrol from CNF5440SV0 
Build 2.1.94.56952 compiled at 03/27/2007 15:49:13.64 by TVA\pcpatel from 3766951Z 
Build 2.1.95.57251 compiled at 03/27/2007 15:54:13.07 by TVA\pcpatel from 3766951Z 
Build 2.1.96.41334 compiled at 04/13/2007 11:28:57.55 by TVA\pcpatel from 3766951Z 
Build 2.1.97.33673 compiled at 05/14/2007  9:21:18.62 by TVA\jrzuo from 2UA6450TWK 
Build 2.1.98.28813 compiled at 05/25/2007  8:00:16.00 by TVA\pcpatel from 3766951Z 
Build 2.1.99.32408 compiled at 07/18/2007  9:00:12.00 by TVA\pcpatel from 3766951Z 
Build 2.1.100.54807 compiled at 12/19/2007 15:13:30.34 by TVA\pcpatel from H51G1D1 
Build 2.2.1.57765 compiled at 01/04/2008 16:02:48.01 by TVA\pcpatel from H51G1D1 
